<?xml version="1.0" encoding="UTF-8"?>
<!-- Generated by org.testng.reporters.JUnitReportReporter -->
<testsuite skipped="0" hostname="DESKTOP-GD7BH12" name="com.training.sanity.tests.LoginTests" tests="1" failures="0" timestamp="2020-02-18T18:23:43 IST" time="26.114" errors="0">
  <testcase name="validLoginTest" time="26.114" classname="com.training.sanity.tests.LoginTests"/>
</testsuite> <!-- com.training.sanity.tests.LoginTests -->
